# JRE version: OpenJDK Runtime Environment (8.0_152-b01) (build 1.8.0_152-release-915-b01)
# Java VM: OpenJDK 64-Bit Server VM (25.152-b01 mixed mode linux-amd64 compressed oops)
Heap:
 PSYoungGen      total 301568K, used 255532K [0x00000000e0000000, 0x00000000f5180000, 0x0000000100000000)
  eden space 286208K, 83% used [0x00000000e0000000,0x00000000eeaab2f8,0x00000000f1780000)
  from space 15360K, 99% used [0x00000000f4280000,0x00000000f515fed8,0x00000000f5180000)
  to   space 23552K, 0% used [0x00000000f2380000,0x00000000f2380000,0x00000000f3a80000)
 ParOldGen       total 94720K, used 46656K [0x00000000a0000000, 0x00000000a5c80000, 0x00000000e0000000)
  object space 94720K, 49% used [0x00000000a0000000,0x00000000a2d901a8,0x00000000a5c80000)
 Metaspace       used 70172K, capacity 73242K, committed 73600K, reserved 1112064K
  class space    used 9249K, capacity 9992K, committed 10112K, reserved 1048576K
GC Heap History (10 events):
Event: 23.433 GC heap before
{Heap before GC invocations=11 (full 2):
 PSYoungGen      total 183808K, used 172032K [0x00000000e0000000, 0x00000000ed780000, 0x0000000100000000)
  eden space 172032K, 100% used [0x00000000e0000000,0x00000000ea800000,0x00000000ea800000)
  from space 11776K, 0% used [0x00000000eb480000,0x00000000eb480000,0x00000000ec000000)
  to   space 12800K, 0% used [0x00000000ea800000,0x00000000ea800000,0x00000000eb480000)
 ParOldGen       total 50176K, used 16241K [0x00000000a0000000, 0x00000000a3100000, 0x00000000e0000000)
  object space 50176K, 32% used [0x00000000a0000000,0x00000000a0fdc518,0x00000000a3100000)
 Metaspace       used 47254K, capacity 48382K, committed 48512K, reserved 1091584K
  class space    used 6341K, capacity 6739K, committed 6784K, reserved 1048576K
Event: 23.461 GC heap after
Heap after GC invocations=11 (full 2):
 PSYoungGen      total 184832K, used 12785K [0x00000000e0000000, 0x00000000f0100000, 0x0000000100000000)
  eden space 172032K, 0% used [0x00000000e0000000,0x00000000e0000000,0x00000000ea800000)
  from space 12800K, 99% used [0x00000000ea800000,0x00000000eb47c4c8,0x00000000eb480000)
  to   space 16384K, 0% used [0x00000000ef100000,0x00000000ef100000,0x00000000f0100000)
 ParOldGen       total 50176K, used 20637K [0x00000000a0000000, 0x00000000a3100000, 0x00000000e0000000)
  object space 50176K, 41% used [0x00000000a0000000,0x00000000a14277c0,0x00000000a3100000)
 Metaspace       used 47254K, capacity 48382K, committed 48512K, reserved 1091584K
  class space    used 6341K, capacity 6739K, committed 6784K, reserved 1048576K
}
Event: 28.156 GC heap before
{Heap before GC invocations=12 (full 2):
 PSYoungGen      total 184832K, used 184817K [0x00000000e0000000, 0x00000000f0100000, 0x0000000100000000)
  eden space 172032K, 100% used [0x00000000e0000000,0x00000000ea800000,0x00000000ea800000)
  from space 12800K, 99% used [0x00000000ea800000,0x00000000eb47c4c8,0x00000000eb480000)
  to   space 16384K, 0% used [0x00000000ef100000,0x00000000ef100000,0x00000000f0100000)
 ParOldGen       total 50176K, used 20637K [0x00000000a0000000, 0x00000000a3100000, 0x00000000e0000000)
  object space 50176K, 41% used [0x00000000a0000000,0x00000000a14277c0,0x00000000a3100000)
 Metaspace       used 54519K, capacity 56332K, committed 56576K, reserved 1097728K
  class space    used 7394K, capacity 7864K, committed 7936K, reserved 1048576K
Event: 28.229 GC heap after
Heap after GC invocations=12 (full 2):
 PSYoungGen      total 241664K, used 16382K [0x00000000e0000000, 0x00000000f0d00000, 0x0000000100000000)
  eden space 225280K, 0% used [0x00000000e0000000,0x00000000e0000000,0x00000000edc00000)
  from space 16384K, 99% used [0x00000000ef100000,0x00000000f00ffbb8,0x00000000f0100000)
  to   space 21504K, 0% used [0x00000000edc00000,0x00000000edc00000,0x00000000ef100000)
 ParOldGen       total 50176K, used 27332K [0x00000000a0000000, 0x00000000a3100000, 0x00000000e0000000)
  object space 50176K, 54% used [0x00000000a0000000,0x00000000a1ab1258,0x00000000a3100000)
 Metaspace       used 54519K, capacity 56332K, committed 56576K, reserved 1097728K
  class space    used 7394K, capacity 7864K, committed 7936K, reserved 1048576K
}
Event: 35.530 GC heap before
{Heap before GC invocations=13 (full 2):
 PSYoungGen      total 241664K, used 155425K [0x00000000e0000000, 0x00000000f0d00000, 0x0000000100000000)
  eden space 225280K, 61% used [0x00000000e0000000,0x00000000e87c8900,0x00000000edc00000)
  from space 16384K, 99% used [0x00000000ef100000,0x00000000f00ffbb8,0x00000000f0100000)
  to   space 21504K, 0% used [0x00000000edc00000,0x00000000edc00000,0x00000000ef100000)
 ParOldGen       total 50176K, used 27332K [0x00000000a0000000, 0x00000000a3100000, 0x00000000e0000000)
  object space 50176K, 54% used [0x00000000a0000000,0x00000000a1ab1258,0x00000000a3100000)
 Metaspace       used 56608K, capacity 58786K, committed 59008K, reserved 1099776K
  class space    used 7752K, capacity 8314K, committed 8320K, reserved 1048576K
Event: 35.667 GC heap after
Heap after GC invocations=13 (full 2):
 PSYoungGen      total 246784K, used 17114K [0x00000000e0000000, 0x00000000f5900000, 0x0000000100000000)
  eden space 225280K, 0% used [0x00000000e0000000,0x00000000e0000000,0x00000000edc00000)
  from space 21504K, 79% used [0x00000000edc00000,0x00000000eecb6ab8,0x00000000ef100000)
  to   space 23040K, 0% used [0x00000000f4280000,0x00000000f4280000,0x00000000f5900000)
 ParOldGen       total 50176K, used 42751K [0x00000000a0000000, 0x00000000a3100000, 0x00000000e0000000)
  object space 50176K, 85% used [0x00000000a0000000,0x00000000a29bff78,0x00000000a3100000)
 Metaspace       used 56608K, capacity 58786K, committed 59008K, reserved 1099776K
  class space    used 7752K, capacity 8314K, committed 8320K, reserved 1048576K
}
Event: 35.667 GC heap before
{Heap before GC invocations=14 (full 3):
 PSYoungGen      total 246784K, used 17114K [0x00000000e0000000, 0x00000000f5900000, 0x0000000100000000)
  eden space 225280K, 0% used [0x00000000e0000000,0x00000000e0000000,0x00000000edc00000)
  from space 21504K, 79% used [0x00000000edc00000,0x00000000eecb6ab8,0x00000000ef100000)
  to   space 23040K, 0% used [0x00000000f4280000,0x00000000f4280000,0x00000000f5900000)
 ParOldGen       total 50176K, used 42751K [0x00000000a0000000, 0x00000000a3100000, 0x00000000e0000000)
  object space 50176K, 85% used [0x00000000a0000000,0x00000000a29bff78,0x00000000a3100000)
 Metaspace       used 56608K, capacity 58786K, committed 59008K, reserved 1099776K
  class space    used 7752K, capacity 8314K, committed 8320K, reserved 1048576K
Event: 36.102 GC heap after
Heap after GC invocations=14 (full 3):
 PSYoungGen      total 246784K, used 0K [0x00000000e0000000, 0x00000000f5900000, 0x0000000100000000)
  eden space 225280K, 0% used [0x00000000e0000000,0x00000000e0000000,0x00000000edc00000)
  from space 21504K, 0% used [0x00000000edc00000,0x00000000edc00000,0x00000000ef100000)
  to   space 23040K, 0% used [0x00000000f4280000,0x00000000f4280000,0x00000000f5900000)
 ParOldGen       total 94720K, used 46629K [0x00000000a0000000, 0x00000000a5c80000, 0x00000000e0000000)
  object space 94720K, 49% used [0x00000000a0000000,0x00000000a2d89558,0x00000000a5c80000)
 Metaspace       used 56608K, capacity 58786K, committed 59008K, reserved 1099776K
  class space    used 7752K, capacity 8314K, committed 8320K, reserved 1048576K
}
Event: 1645.316 GC heap before
{Heap before GC invocations=15 (full 3):
 PSYoungGen      total 246784K, used 225280K [0x00000000e0000000, 0x00000000f5900000, 0x0000000100000000)
  eden space 225280K, 100% used [0x00000000e0000000,0x00000000edc00000,0x00000000edc00000)
  from space 21504K, 0% used [0x00000000edc00000,0x00000000edc00000,0x00000000ef100000)
  to   space 23040K, 0% used [0x00000000f4280000,0x00000000f4280000,0x00000000f5900000)
 ParOldGen       total 94720K, used 46629K [0x00000000a0000000, 0x00000000a5c80000, 0x00000000e0000000)
  object space 94720K, 49% used [0x00000000a0000000,0x00000000a2d89558,0x00000000a5c80000)
 Metaspace       used 65252K, capacity 68070K, committed 68224K, reserved 1107968K
  class space    used 8623K, capacity 9332K, committed 9344K, reserved 1048576K
Event: 1649.133 GC heap after
Heap after GC invocations=15 (full 3):
 PSYoungGen      total 301568K, used 15231K [0x00000000e0000000, 0x00000000f5180000, 0x0000000100000000)
  eden space 286208K, 0% used [0x00000000e0000000,0x00000000e0000000,0x00000000f1780000)
  from space 15360K, 99% used [0x00000000f4280000,0x00000000f515fed8,0x00000000f5180000)
  to   space 23552K, 0% used [0x00000000f2380000,0x00000000f2380000,0x00000000f3a80000)
 ParOldGen       total 94720K, used 46656K [0x00000000a0000000, 0x00000000a5c80000, 0x00000000e0000000)
  object space 94720K, 49% used [0x00000000a0000000,0x00000000a2d901a8,0x00000000a5c80000)
 Metaspace       used 65252K, capacity 68070K, committed 68224K, reserved 1107968K
  class space    used 8623K, capacity 9332K, committed 9344K, reserved 1048576K
}

