# JRE version: OpenJDK Runtime Environment (8.0_152-b01) (build 1.8.0_152-release-915-b01)
# Java VM: OpenJDK 64-Bit Server VM (25.152-b01 mixed mode linux-amd64 compressed oops)
Heap:
 PSYoungGen      total 270336K, used 65588K [0x00000000e0000000, 0x00000000f8680000, 0x0000000100000000)
  eden space 254464K, 25% used [0x00000000e0000000,0x00000000e400d230,0x00000000ef880000)
  from space 15872K, 0% used [0x00000000ef880000,0x00000000ef880000,0x00000000f0800000)
  to   space 15360K, 0% used [0x00000000f7780000,0x00000000f7780000,0x00000000f8680000)
 ParOldGen       total 64512K, used 31840K [0x00000000a0000000, 0x00000000a3f00000, 0x00000000e0000000)
  object space 64512K, 49% used [0x00000000a0000000,0x00000000a1f18080,0x00000000a3f00000)
 Metaspace       used 59203K, capacity 61010K, committed 61144K, reserved 1101824K
  class space    used 7967K, capacity 8398K, committed 8448K, reserved 1048576K
GC Heap History (10 events):
Event: 35.228 GC heap before
{Heap before GC invocations=12 (full 2):
 PSYoungGen      total 184832K, used 5602K [0x00000000e0000000, 0x00000000ec100000, 0x0000000100000000)
  eden space 174080K, 0% used [0x00000000e0000000,0x00000000e0000000,0x00000000eaa00000)
  from space 10752K, 52% used [0x00000000eb400000,0x00000000eb978a00,0x00000000ebe80000)
  to   space 10240K, 0% used [0x00000000eaa00000,0x00000000eaa00000,0x00000000eb400000)
 ParOldGen       total 27136K, used 10906K [0x00000000a0000000, 0x00000000a1a80000, 0x00000000e0000000)
  object space 27136K, 40% used [0x00000000a0000000,0x00000000a0aa69a0,0x00000000a1a80000)
 Metaspace       used 34456K, capacity 35238K, committed 35416K, reserved 1079296K
  class space    used 4688K, capacity 4963K, committed 4992K, reserved 1048576K
Event: 35.347 GC heap after
Heap after GC invocations=12 (full 2):
 PSYoungGen      total 184832K, used 0K [0x00000000e0000000, 0x00000000ec100000, 0x0000000100000000)
  eden space 174080K, 0% used [0x00000000e0000000,0x00000000e0000000,0x00000000eaa00000)
  from space 10752K, 0% used [0x00000000eb400000,0x00000000eb400000,0x00000000ebe80000)
  to   space 10240K, 0% used [0x00000000eaa00000,0x00000000eaa00000,0x00000000eb400000)
 ParOldGen       total 39424K, used 15226K [0x00000000a0000000, 0x00000000a2680000, 0x00000000e0000000)
  object space 39424K, 38% used [0x00000000a0000000,0x00000000a0ede808,0x00000000a2680000)
 Metaspace       used 34456K, capacity 35238K, committed 35416K, reserved 1079296K
  class space    used 4688K, capacity 4963K, committed 4992K, reserved 1048576K
}
Event: 46.057 GC heap before
{Heap before GC invocations=13 (full 2):
 PSYoungGen      total 184832K, used 174080K [0x00000000e0000000, 0x00000000ec100000, 0x0000000100000000)
  eden space 174080K, 100% used [0x00000000e0000000,0x00000000eaa00000,0x00000000eaa00000)
  from space 10752K, 0% used [0x00000000eb400000,0x00000000eb400000,0x00000000ebe80000)
  to   space 10240K, 0% used [0x00000000eaa00000,0x00000000eaa00000,0x00000000eb400000)
 ParOldGen       total 39424K, used 15226K [0x00000000a0000000, 0x00000000a2680000, 0x00000000e0000000)
  object space 39424K, 38% used [0x00000000a0000000,0x00000000a0ede808,0x00000000a2680000)
 Metaspace       used 46568K, capacity 47618K, committed 48088K, reserved 1091584K
  class space    used 6225K, capacity 6544K, committed 6656K, reserved 1048576K
Event: 46.086 GC heap after
Heap after GC invocations=13 (full 2):
 PSYoungGen      total 184320K, used 10218K [0x00000000e0000000, 0x00000000f1780000, 0x0000000100000000)
  eden space 174080K, 0% used [0x00000000e0000000,0x00000000e0000000,0x00000000eaa00000)
  from space 10240K, 99% used [0x00000000eaa00000,0x00000000eb3fab00,0x00000000eb400000)
  to   space 13824K, 0% used [0x00000000f0a00000,0x00000000f0a00000,0x00000000f1780000)
 ParOldGen       total 39424K, used 21358K [0x00000000a0000000, 0x00000000a2680000, 0x00000000e0000000)
  object space 39424K, 54% used [0x00000000a0000000,0x00000000a14db880,0x00000000a2680000)
 Metaspace       used 46568K, capacity 47618K, committed 48088K, reserved 1091584K
  class space    used 6225K, capacity 6544K, committed 6656K, reserved 1048576K
}
Event: 58.596 GC heap before
{Heap before GC invocations=14 (full 2):
 PSYoungGen      total 184320K, used 184298K [0x00000000e0000000, 0x00000000f1780000, 0x0000000100000000)
  eden space 174080K, 100% used [0x00000000e0000000,0x00000000eaa00000,0x00000000eaa00000)
  from space 10240K, 99% used [0x00000000eaa00000,0x00000000eb3fab00,0x00000000eb400000)
  to   space 13824K, 0% used [0x00000000f0a00000,0x00000000f0a00000,0x00000000f1780000)
 ParOldGen       total 39424K, used 21358K [0x00000000a0000000, 0x00000000a2680000, 0x00000000e0000000)
  object space 39424K, 54% used [0x00000000a0000000,0x00000000a14db880,0x00000000a2680000)
 Metaspace       used 54142K, capacity 55884K, committed 56152K, reserved 1097728K
  class space    used 7325K, capacity 7753K, committed 7808K, reserved 1048576K
Event: 58.644 GC heap after
Heap after GC invocations=14 (full 2):
 PSYoungGen      total 268288K, used 13612K [0x00000000e0000000, 0x00000000f1780000, 0x0000000100000000)
  eden space 254464K, 0% used [0x00000000e0000000,0x00000000e0000000,0x00000000ef880000)
  from space 13824K, 98% used [0x00000000f0a00000,0x00000000f174b0f8,0x00000000f1780000)
  to   space 15872K, 0% used [0x00000000ef880000,0x00000000ef880000,0x00000000f0800000)
 ParOldGen       total 39424K, used 30623K [0x00000000a0000000, 0x00000000a2680000, 0x00000000e0000000)
  object space 39424K, 77% used [0x00000000a0000000,0x00000000a1de7e38,0x00000000a2680000)
 Metaspace       used 54142K, capacity 55884K, committed 56152K, reserved 1097728K
  class space    used 7325K, capacity 7753K, committed 7808K, reserved 1048576K
}
Event: 62.592 GC heap before
{Heap before GC invocations=15 (full 2):
 PSYoungGen      total 268288K, used 46167K [0x00000000e0000000, 0x00000000f1780000, 0x0000000100000000)
  eden space 254464K, 12% used [0x00000000e0000000,0x00000000e1fcade0,0x00000000ef880000)
  from space 13824K, 98% used [0x00000000f0a00000,0x00000000f174b0f8,0x00000000f1780000)
  to   space 15872K, 0% used [0x00000000ef880000,0x00000000ef880000,0x00000000f0800000)
 ParOldGen       total 39424K, used 30623K [0x00000000a0000000, 0x00000000a2680000, 0x00000000e0000000)
  object space 39424K, 77% used [0x00000000a0000000,0x00000000a1de7e38,0x00000000a2680000)
 Metaspace       used 57058K, capacity 58860K, committed 59028K, reserved 1099776K
  class space    used 7690K, capacity 8119K, committed 8192K, reserved 1048576K
Event: 62.631 GC heap after
Heap after GC invocations=15 (full 2):
 PSYoungGen      total 270336K, used 4040K [0x00000000e0000000, 0x00000000f8680000, 0x0000000100000000)
  eden space 254464K, 0% used [0x00000000e0000000,0x00000000e0000000,0x00000000ef880000)
  from space 15872K, 25% used [0x00000000ef880000,0x00000000efc72200,0x00000000f0800000)
  to   space 15360K, 0% used [0x00000000f7780000,0x00000000f7780000,0x00000000f8680000)
 ParOldGen       total 39424K, used 35974K [0x00000000a0000000, 0x00000000a2680000, 0x00000000e0000000)
  object space 39424K, 91% used [0x00000000a0000000,0x00000000a2321b88,0x00000000a2680000)
 Metaspace       used 57058K, capacity 58860K, committed 59028K, reserved 1099776K
  class space    used 7690K, capacity 8119K, committed 8192K, reserved 1048576K
}
Event: 62.631 GC heap before
{Heap before GC invocations=16 (full 3):
 PSYoungGen      total 270336K, used 4040K [0x00000000e0000000, 0x00000000f8680000, 0x0000000100000000)
  eden space 254464K, 0% used [0x00000000e0000000,0x00000000e0000000,0x00000000ef880000)
  from space 15872K, 25% used [0x00000000ef880000,0x00000000efc72200,0x00000000f0800000)
  to   space 15360K, 0% used [0x00000000f7780000,0x00000000f7780000,0x00000000f8680000)
 ParOldGen       total 39424K, used 35974K [0x00000000a0000000, 0x00000000a2680000, 0x00000000e0000000)
  object space 39424K, 91% used [0x00000000a0000000,0x00000000a2321b88,0x00000000a2680000)
 Metaspace       used 57058K, capacity 58860K, committed 59028K, reserved 1099776K
  class space    used 7690K, capacity 8119K, committed 8192K, reserved 1048576K
Event: 62.929 GC heap after
Heap after GC invocations=16 (full 3):
 PSYoungGen      total 270336K, used 0K [0x00000000e0000000, 0x00000000f8680000, 0x0000000100000000)
  eden space 254464K, 0% used [0x00000000e0000000,0x00000000e0000000,0x00000000ef880000)
  from space 15872K, 0% used [0x00000000ef880000,0x00000000ef880000,0x00000000f0800000)
  to   space 15360K, 0% used [0x00000000f7780000,0x00000000f7780000,0x00000000f8680000)
 ParOldGen       total 64512K, used 31840K [0x00000000a0000000, 0x00000000a3f00000, 0x00000000e0000000)
  object space 64512K, 49% used [0x00000000a0000000,0x00000000a1f18080,0x00000000a3f00000)
 Metaspace       used 57058K, capacity 58860K, committed 59028K, reserved 1099776K
  class space    used 7690K, capacity 8119K, committed 8192K, reserved 1048576K
}

